[2023-04-19 19:28:41,874] {taskinstance.py:1037} INFO - Dependencies all met for <TaskInstance: TrainingPipeline.transform_step manual__2023-04-19T19:28:38.663405+00:00 [queued]>
[2023-04-19 19:28:41,880] {taskinstance.py:1037} INFO - Dependencies all met for <TaskInstance: TrainingPipeline.transform_step manual__2023-04-19T19:28:38.663405+00:00 [queued]>
[2023-04-19 19:28:41,880] {taskinstance.py:1243} INFO - 
--------------------------------------------------------------------------------
[2023-04-19 19:28:41,880] {taskinstance.py:1244} INFO - Starting attempt 1 of 1
[2023-04-19 19:28:41,880] {taskinstance.py:1245} INFO - 
--------------------------------------------------------------------------------
[2023-04-19 19:28:41,887] {taskinstance.py:1264} INFO - Executing <Task(DockerOperatorWithExposedPorts): transform_step> on 2023-04-19 19:28:38.663405+00:00
[2023-04-19 19:28:41,892] {standard_task_runner.py:52} INFO - Started process 729 to run task
[2023-04-19 19:28:41,893] {standard_task_runner.py:76} INFO - Running: ['***', 'tasks', 'run', 'TrainingPipeline', 'transform_step', 'manual__2023-04-19T19:28:38.663405+00:00', '--job-id', '45', '--raw', '--subdir', 'DAGS_FOLDER/train_pipeline.py', '--cfg-path', '/tmp/tmpxrjear_q', '--error-file', '/tmp/tmp3mio0wki']
[2023-04-19 19:28:41,894] {standard_task_runner.py:77} INFO - Job 45: Subtask transform_step
[2023-04-19 19:28:41,932] {logging_mixin.py:109} INFO - Running <TaskInstance: TrainingPipeline.transform_step manual__2023-04-19T19:28:38.663405+00:00 [running]> on host dfdc77248185
[2023-04-19 19:28:41,965] {logging_mixin.py:109} WARNING - /home/***/.local/lib/python3.7/site-packages/***/utils/context.py:156 AirflowContextDeprecationWarning: Accessing 'execution_date' from the template is deprecated and will be removed in a future version. Please use 'data_interval_start' or 'logical_date' instead.
[2023-04-19 19:28:42,025] {taskinstance.py:1431} INFO - Exporting the following env vars:
AIRFLOW_CTX_DAG_OWNER=***
AIRFLOW_CTX_DAG_ID=TrainingPipeline
AIRFLOW_CTX_TASK_ID=transform_step
AIRFLOW_CTX_EXECUTION_DATE=2023-04-19T19:28:38.663405+00:00
AIRFLOW_CTX_DAG_RUN_ID=manual__2023-04-19T19:28:38.663405+00:00
[2023-04-19 19:28:42,035] {docker.py:236} INFO - Starting docker container from image ml_project
[2023-04-19 19:28:42,037] {docker.py:247} WARNING - Using remote engine or docker-in-docker and mounting temporary volume from host is not supported. Falling back to `mount_tmp_dir=False` mode. You can set `mount_tmp_dir` parameter to False to disable mounting and remove the warning
[2023-04-19 19:28:43,233] {taskinstance.py:1282} INFO - Marking task as SUCCESS. dag_id=TrainingPipeline, task_id=transform_step, execution_date=20230419T192838, start_date=20230419T192841, end_date=20230419T192843
[2023-04-19 19:28:43,269] {local_task_job.py:154} INFO - Task exited with return code 0
[2023-04-19 19:28:43,311] {local_task_job.py:264} INFO - 1 downstream tasks scheduled from follow-on schedule check
