[2023-04-19 19:32:19,113] {taskinstance.py:1037} INFO - Dependencies all met for <TaskInstance: PredictingPipeline.write_prdictions manual__2023-04-19T19:32:13.335214+00:00 [queued]>
[2023-04-19 19:32:19,119] {taskinstance.py:1037} INFO - Dependencies all met for <TaskInstance: PredictingPipeline.write_prdictions manual__2023-04-19T19:32:13.335214+00:00 [queued]>
[2023-04-19 19:32:19,119] {taskinstance.py:1243} INFO - 
--------------------------------------------------------------------------------
[2023-04-19 19:32:19,119] {taskinstance.py:1244} INFO - Starting attempt 1 of 1
[2023-04-19 19:32:19,119] {taskinstance.py:1245} INFO - 
--------------------------------------------------------------------------------
[2023-04-19 19:32:19,126] {taskinstance.py:1264} INFO - Executing <Task(DockerOperatorWithExposedPorts): write_prdictions> on 2023-04-19 19:32:13.335214+00:00
[2023-04-19 19:32:19,131] {standard_task_runner.py:52} INFO - Started process 1121 to run task
[2023-04-19 19:32:19,133] {standard_task_runner.py:76} INFO - Running: ['***', 'tasks', 'run', 'PredictingPipeline', 'write_prdictions', 'manual__2023-04-19T19:32:13.335214+00:00', '--job-id', '50', '--raw', '--subdir', 'DAGS_FOLDER/predict_pipeline.py', '--cfg-path', '/tmp/tmpptgenukc', '--error-file', '/tmp/tmpxfeklgm4']
[2023-04-19 19:32:19,133] {standard_task_runner.py:77} INFO - Job 50: Subtask write_prdictions
[2023-04-19 19:32:19,164] {logging_mixin.py:109} INFO - Running <TaskInstance: PredictingPipeline.write_prdictions manual__2023-04-19T19:32:13.335214+00:00 [running]> on host dfdc77248185
[2023-04-19 19:32:19,187] {logging_mixin.py:109} WARNING - /home/***/.local/lib/python3.7/site-packages/***/utils/context.py:156 AirflowContextDeprecationWarning: Accessing 'execution_date' from the template is deprecated and will be removed in a future version. Please use 'data_interval_start' or 'logical_date' instead.
[2023-04-19 19:32:19,201] {taskinstance.py:1431} INFO - Exporting the following env vars:
AIRFLOW_CTX_DAG_OWNER=***
AIRFLOW_CTX_DAG_ID=PredictingPipeline
AIRFLOW_CTX_TASK_ID=write_prdictions
AIRFLOW_CTX_EXECUTION_DATE=2023-04-19T19:32:13.335214+00:00
AIRFLOW_CTX_DAG_RUN_ID=manual__2023-04-19T19:32:13.335214+00:00
[2023-04-19 19:32:19,212] {docker.py:236} INFO - Starting docker container from image ubuntu
[2023-04-19 19:32:19,214] {docker.py:247} WARNING - Using remote engine or docker-in-docker and mounting temporary volume from host is not supported. Falling back to `mount_tmp_dir=False` mode. You can set `mount_tmp_dir` parameter to False to disable mounting and remove the warning
[2023-04-19 19:32:19,825] {taskinstance.py:1282} INFO - Marking task as SUCCESS. dag_id=PredictingPipeline, task_id=write_prdictions, execution_date=20230419T193213, start_date=20230419T193219, end_date=20230419T193219
[2023-04-19 19:32:19,866] {local_task_job.py:154} INFO - Task exited with return code 0
[2023-04-19 19:32:19,913] {local_task_job.py:264} INFO - 1 downstream tasks scheduled from follow-on schedule check
