[2023-04-19 19:28:39,989] {taskinstance.py:1037} INFO - Dependencies all met for <TaskInstance: TrainingPipeline.dataset_step manual__2023-04-19T19:28:38.663405+00:00 [queued]>
[2023-04-19 19:28:39,995] {taskinstance.py:1037} INFO - Dependencies all met for <TaskInstance: TrainingPipeline.dataset_step manual__2023-04-19T19:28:38.663405+00:00 [queued]>
[2023-04-19 19:28:39,995] {taskinstance.py:1243} INFO - 
--------------------------------------------------------------------------------
[2023-04-19 19:28:39,995] {taskinstance.py:1244} INFO - Starting attempt 1 of 1
[2023-04-19 19:28:39,995] {taskinstance.py:1245} INFO - 
--------------------------------------------------------------------------------
[2023-04-19 19:28:40,002] {taskinstance.py:1264} INFO - Executing <Task(DockerOperatorWithExposedPorts): dataset_step> on 2023-04-19 19:28:38.663405+00:00
[2023-04-19 19:28:40,006] {standard_task_runner.py:52} INFO - Started process 712 to run task
[2023-04-19 19:28:40,008] {standard_task_runner.py:76} INFO - Running: ['***', 'tasks', 'run', 'TrainingPipeline', 'dataset_step', 'manual__2023-04-19T19:28:38.663405+00:00', '--job-id', '44', '--raw', '--subdir', 'DAGS_FOLDER/train_pipeline.py', '--cfg-path', '/tmp/tmpah205wo2', '--error-file', '/tmp/tmpyl4x34bv']
[2023-04-19 19:28:40,009] {standard_task_runner.py:77} INFO - Job 44: Subtask dataset_step
[2023-04-19 19:28:40,044] {logging_mixin.py:109} INFO - Running <TaskInstance: TrainingPipeline.dataset_step manual__2023-04-19T19:28:38.663405+00:00 [running]> on host dfdc77248185
[2023-04-19 19:28:40,074] {logging_mixin.py:109} WARNING - /home/***/.local/lib/python3.7/site-packages/***/utils/context.py:156 AirflowContextDeprecationWarning: Accessing 'execution_date' from the template is deprecated and will be removed in a future version. Please use 'data_interval_start' or 'logical_date' instead.
[2023-04-19 19:28:40,086] {taskinstance.py:1431} INFO - Exporting the following env vars:
AIRFLOW_CTX_DAG_OWNER=***
AIRFLOW_CTX_DAG_ID=TrainingPipeline
AIRFLOW_CTX_TASK_ID=dataset_step
AIRFLOW_CTX_EXECUTION_DATE=2023-04-19T19:28:38.663405+00:00
AIRFLOW_CTX_DAG_RUN_ID=manual__2023-04-19T19:28:38.663405+00:00
[2023-04-19 19:28:40,099] {docker.py:236} INFO - Starting docker container from image ubuntu
[2023-04-19 19:28:40,101] {docker.py:247} WARNING - Using remote engine or docker-in-docker and mounting temporary volume from host is not supported. Falling back to `mount_tmp_dir=False` mode. You can set `mount_tmp_dir` parameter to False to disable mounting and remove the warning
[2023-04-19 19:28:40,647] {taskinstance.py:1282} INFO - Marking task as SUCCESS. dag_id=TrainingPipeline, task_id=dataset_step, execution_date=20230419T192838, start_date=20230419T192839, end_date=20230419T192840
[2023-04-19 19:28:40,662] {local_task_job.py:154} INFO - Task exited with return code 0
[2023-04-19 19:28:40,685] {local_task_job.py:264} INFO - 1 downstream tasks scheduled from follow-on schedule check
